[2020-12-20 12:41:59.739] [exthost] [info] extension host started
[2020-12-20 12:42:00.066] [exthost] [info] ExtensionService#_doActivateExtension vscode.configuration-editing {"startup":false,"extensionId":{"value":"vscode.configuration-editing","_lower":"vscode.configuration-editing"},"activationEvent":"onLanguage:jsonc"}
[2020-12-20 12:42:00.066] [exthost] [info] ExtensionService#loadCommonJSModule file:///home/ubuntu/.vscode-server/bin/fcac248b077b55bae4ba5bab613fd6e9156c2f0c/extensions/configuration-editing/dist/configurationEditingMain
[2020-12-20 12:42:00.082] [exthost] [info] ExtensionService#_doActivateExtension vscode.json-language-features {"startup":false,"extensionId":{"value":"vscode.json-language-features","_lower":"vscode.json-language-features"},"activationEvent":"onLanguage:jsonc"}
[2020-12-20 12:42:00.082] [exthost] [info] ExtensionService#loadCommonJSModule file:///home/ubuntu/.vscode-server/bin/fcac248b077b55bae4ba5bab613fd6e9156c2f0c/extensions/json-language-features/client/dist/node/jsonClientMain
[2020-12-20 12:42:00.120] [exthost] [info] ExtensionService#_doActivateExtension vscode.typescript-language-features {"startup":false,"extensionId":{"value":"vscode.typescript-language-features","_lower":"vscode.typescript-language-features"},"activationEvent":"onLanguage:jsonc"}
[2020-12-20 12:42:00.120] [exthost] [info] ExtensionService#loadCommonJSModule file:///home/ubuntu/.vscode-server/bin/fcac248b077b55bae4ba5bab613fd6e9156c2f0c/extensions/typescript-language-features/dist/extension
[2020-12-20 12:42:00.151] [exthost] [info] ExtensionService#_doActivateExtension vscode.debug-auto-launch {"startup":true,"extensionId":{"value":"vscode.debug-auto-launch","_lower":"vscode.debug-auto-launch"},"activationEvent":"*"}
[2020-12-20 12:42:00.151] [exthost] [info] ExtensionService#loadCommonJSModule file:///home/ubuntu/.vscode-server/bin/fcac248b077b55bae4ba5bab613fd6e9156c2f0c/extensions/debug-auto-launch/dist/extension
[2020-12-20 12:42:00.154] [exthost] [info] ExtensionService#_doActivateExtension vscode.emmet {"startup":true,"extensionId":{"value":"vscode.emmet","_lower":"vscode.emmet"},"activationEvent":"*"}
[2020-12-20 12:42:00.154] [exthost] [info] ExtensionService#loadCommonJSModule file:///home/ubuntu/.vscode-server/bin/fcac248b077b55bae4ba5bab613fd6e9156c2f0c/extensions/emmet/dist/node/emmetNodeMain
[2020-12-20 12:42:00.185] [exthost] [info] ExtensionService#_doActivateExtension vscode.git {"startup":true,"extensionId":{"value":"vscode.github","_lower":"vscode.github"},"activationEvent":"*"}
[2020-12-20 12:42:00.185] [exthost] [info] ExtensionService#loadCommonJSModule file:///home/ubuntu/.vscode-server/bin/fcac248b077b55bae4ba5bab613fd6e9156c2f0c/extensions/git/dist/main
[2020-12-20 12:42:00.235] [exthost] [info] ExtensionService#_doActivateExtension vscode.merge-conflict {"startup":true,"extensionId":{"value":"vscode.merge-conflict","_lower":"vscode.merge-conflict"},"activationEvent":"*"}
[2020-12-20 12:42:00.235] [exthost] [info] ExtensionService#loadCommonJSModule file:///home/ubuntu/.vscode-server/bin/fcac248b077b55bae4ba5bab613fd6e9156c2f0c/extensions/merge-conflict/dist/mergeConflictMain
[2020-12-20 12:42:00.239] [exthost] [info] ExtensionService#_doActivateExtension vscode.search-result {"startup":true,"extensionId":{"value":"vscode.search-result","_lower":"vscode.search-result"},"activationEvent":"*"}
[2020-12-20 12:42:00.239] [exthost] [info] ExtensionService#loadCommonJSModule file:///home/ubuntu/.vscode-server/bin/fcac248b077b55bae4ba5bab613fd6e9156c2f0c/extensions/search-result/dist/extension.js
[2020-12-20 12:42:00.755] [exthost] [info] ExtensionService#_doActivateExtension vscode.github {"startup":true,"extensionId":{"value":"vscode.github","_lower":"vscode.github"},"activationEvent":"*"}
[2020-12-20 12:42:00.755] [exthost] [info] ExtensionService#loadCommonJSModule file:///home/ubuntu/.vscode-server/bin/fcac248b077b55bae4ba5bab613fd6e9156c2f0c/extensions/github/dist/extension.js
[2020-12-20 12:42:01.064] [exthost] [info] eager extensions activated
[2020-12-20 12:42:01.236] [exthost] [info] ExtensionService#_doActivateExtension ms-vscode.js-debug {"startup":false,"extensionId":{"value":"ms-vscode.js-debug","_lower":"ms-vscode.js-debug"},"activationEvent":"onCommand:extension.js-debug.clearAutoAttachVariables"}
[2020-12-20 12:42:01.237] [exthost] [info] ExtensionService#loadCommonJSModule file:///home/ubuntu/.vscode-server/bin/fcac248b077b55bae4ba5bab613fd6e9156c2f0c/extensions/ms-vscode.js-debug/src/extension.js
